This file contains any messages produced by compilers while
running configure, to aid debugging if configure makes a mistake.

It was created by ntl-libtool configure 1.0, which was
generated by GNU Autoconf 2.69.  Invocation command line was

  $ ./configure 

## --------- ##
## Platform. ##
## --------- ##

hostname = mb-afischer.local
uname -m = x86_64
uname -r = 18.5.0
uname -s = Darwin
uname -v = Darwin Kernel Version 18.5.0: Mon Mar 11 20:40:32 PDT 2019; root:xnu-4903.251.3~3/RELEASE_X86_64

/usr/bin/uname -p = i386
/bin/uname -X     = unknown

/bin/arch              = unknown
/usr/bin/arch -k       = unknown
/usr/convex/getsysinfo = unknown
/usr/bin/hostinfo      = Mach kernel version:
	 Darwin Kernel Version 18.5.0: Mon Mar 11 20:40:32 PDT 2019; root:xnu-4903.251.3~3/RELEASE_X86_64
Kernel configured for up to 12 processors.
6 processors are physically available.
12 processors are logically available.
Processor type: x86_64h (Intel x86-64h Haswell)
Processors active: 0 1 2 3 4 5 6 7 8 9 10 11
Primary memory available: 16.00 gigabytes
Default processor set: 458 tasks, 2122 threads, 12 processors
Load average: 1.40, Mach factor: 10.59
/bin/machine           = unknown
/usr/bin/oslevel       = unknown
/bin/universe          = unknown

PATH: /usr/local/opt/llvm/bin
PATH: /Users/afischer/.rvm/gems/ruby-2.6.0/bin
PATH: /Users/afischer/.rvm/gems/ruby-2.6.0@global/bin
PATH: /Users/afischer/.rvm/rubies/ruby-2.6.0/bin
PATH: /Users/afischer/software/maven-current/bin
PATH: /usr/local/opt/openssl/bin
PATH: /opt/local/bin
PATH: /opt/local/sbin
PATH: /usr/bin/local/bin
PATH: /usr/local/bin
PATH: /usr/bin
PATH: /bin
PATH: /usr/sbin
PATH: /sbin
PATH: /Library/TeX/texbin
PATH: /Applications/Wireshark.app/Contents/MacOS
PATH: /Users/afischer/software/Android-SDK/platform-tools
PATH: /bin
PATH: /Users/afischer/.rvm/bin
PATH: /Users/afischer/.rvm/bin


## ----------- ##
## Core tests. ##
## ----------- ##

configure:2290: checking for a BSD-compatible install
configure:2358: result: /usr/local/bin/ginstall -c
configure:2369: checking whether build environment is sane
configure:2424: result: yes
configure:2575: checking for a thread-safe mkdir -p
configure:2614: result: /usr/local/bin/gmkdir -p
configure:2621: checking for gawk
configure:2651: result: no
configure:2621: checking for mawk
configure:2651: result: no
configure:2621: checking for nawk
configure:2651: result: no
configure:2621: checking for awk
configure:2637: found /usr/bin/awk
configure:2648: result: awk
configure:2659: checking whether make sets $(MAKE)
configure:2681: result: yes
configure:2710: checking whether make supports nested variables
configure:2727: result: yes
configure:2842: checking build system type
configure:2856: result: x86_64-apple-darwin18.5.0
configure:2876: checking host system type
configure:2889: result: x86_64-apple-darwin18.5.0
configure:2930: checking how to print strings
configure:2957: result: printf
configure:2990: checking for style of include used by make
configure:3018: result: GNU
configure:3089: checking for gcc
configure:3105: found /usr/bin/gcc
configure:3116: result: gcc
configure:3345: checking for C compiler version
configure:3354: gcc --version >&5
Apple LLVM version 10.0.1 (clang-1001.0.46.4)
Target: x86_64-apple-darwin18.5.0
Thread model: posix
InstalledDir: /Applications/Xcode.app/Contents/Developer/Toolchains/XcodeDefault.xctoolchain/usr/bin
Configured with: --prefix=/Applications/Xcode.app/Contents/Developer/usr --with-gxx-include-dir=/Applications/Xcode.app/Contents/Developer/Platforms/MacOSX.platform/Developer/SDKs/MacOSX10.14.sdk/usr/include/c++/4.2.1
configure:3365: $? = 0
configure:3354: gcc -v >&5
Configured with: --prefix=/Applications/Xcode.app/Contents/Developer/usr --with-gxx-include-dir=/Applications/Xcode.app/Contents/Developer/Platforms/MacOSX.platform/Developer/SDKs/MacOSX10.14.sdk/usr/include/c++/4.2.1
Apple LLVM version 10.0.1 (clang-1001.0.46.4)
Target: x86_64-apple-darwin18.5.0
Thread model: posix
InstalledDir: /Applications/Xcode.app/Contents/Developer/Toolchains/XcodeDefault.xctoolchain/usr/bin
configure:3365: $? = 0
configure:3354: gcc -V >&5
clang: error: unsupported option '-V -Wno-atomic-implicit-seq-cst'
clang: error: no input files
configure:3365: $? = 1
configure:3354: gcc -qversion >&5
clang: error: unknown argument '-qversion', did you mean '--version'?
clang: error: no input files
configure:3365: $? = 1
configure:3385: checking whether the C compiler works
configure:3407: gcc    conftest.c  >&5
configure:3411: $? = 0
configure:3459: result: yes
configure:3462: checking for C compiler default output file name
configure:3464: result: a.out
configure:3470: checking for suffix of executables
configure:3477: gcc -o conftest    conftest.c  >&5
configure:3481: $? = 0
configure:3503: result: 
configure:3525: checking whether we are cross compiling
configure:3533: gcc -o conftest    conftest.c  >&5
configure:3537: $? = 0
configure:3544: ./conftest
configure:3548: $? = 0
configure:3563: result: no
configure:3568: checking for suffix of object files
configure:3590: gcc -c   conftest.c >&5
configure:3594: $? = 0
configure:3615: result: o
configure:3619: checking whether we are using the GNU C compiler
configure:3638: gcc -c   conftest.c >&5
configure:3638: $? = 0
configure:3647: result: yes
configure:3656: checking whether gcc accepts -g
configure:3676: gcc -c -g  conftest.c >&5
configure:3676: $? = 0
configure:3717: result: yes
configure:3734: checking for gcc option to accept ISO C89
configure:3797: gcc  -c -g -O2  conftest.c >&5
configure:3797: $? = 0
configure:3810: result: none needed
configure:3832: checking dependency style of gcc
configure:3943: result: none
configure:3958: checking for a sed that does not truncate output
configure:4022: result: /usr/bin/sed
configure:4040: checking for grep that handles long lines and -e
configure:4098: result: /usr/bin/grep
configure:4103: checking for egrep
configure:4165: result: /usr/bin/grep -E
configure:4170: checking for fgrep
configure:4232: result: /usr/bin/grep -F
configure:4267: checking for ld used by gcc
configure:4334: result: /Applications/Xcode.app/Contents/Developer/Toolchains/XcodeDefault.xctoolchain/usr/bin/ld
configure:4341: checking if the linker (/Applications/Xcode.app/Contents/Developer/Toolchains/XcodeDefault.xctoolchain/usr/bin/ld) is GNU ld
configure:4356: result: no
configure:4368: checking for BSD- or MS-compatible name lister (nm)
configure:4417: result: /usr/bin/nm -B
configure:4547: checking the name lister (/usr/bin/nm -B) interface
configure:4554: gcc -c -g -O2  conftest.c >&5
configure:4557: /usr/bin/nm -B "conftest.o"
configure:4560: output
0000000000000200 S _some_variable
configure:4567: result: BSD nm
configure:4570: checking whether ln -s works
configure:4574: result: yes
configure:4582: checking the maximum length of command line arguments
configure:4712: result: 196608
configure:4729: checking whether the shell understands some XSI constructs
configure:4739: result: yes
configure:4743: checking whether the shell understands "+="
configure:4749: result: yes
configure:4784: checking how to convert x86_64-apple-darwin18.5.0 file names to x86_64-apple-darwin18.5.0 format
configure:4824: result: func_convert_file_noop
configure:4831: checking how to convert x86_64-apple-darwin18.5.0 file names to toolchain format
configure:4851: result: func_convert_file_noop
configure:4858: checking for /Applications/Xcode.app/Contents/Developer/Toolchains/XcodeDefault.xctoolchain/usr/bin/ld option to reload object files
configure:4865: result: -r
configure:4939: checking for objdump
configure:4955: found /usr/bin/objdump
configure:4966: result: objdump
configure:4998: checking how to recognize dependent libraries
configure:5200: result: pass_all
configure:5285: checking for dlltool
configure:5315: result: no
configure:5345: checking how to associate runtime and link libraries
configure:5372: result: printf %s\n
configure:5433: checking for ar
configure:5449: found /usr/bin/ar
configure:5460: result: ar
configure:5497: checking for archiver @FILE support
configure:5514: gcc -c -g -O2  conftest.c >&5
configure:5514: $? = 0
configure:5517: ar cru libconftest.a @conftest.lst >&5
ar: @conftest.lst: No such file or directory
configure:5520: $? = 1
configure:5540: result: no
configure:5598: checking for strip
configure:5614: found /usr/bin/strip
configure:5625: result: strip
configure:5697: checking for ranlib
configure:5713: found /usr/bin/ranlib
configure:5724: result: ranlib
configure:5826: checking command to parse /usr/bin/nm -B output from gcc object
configure:5946: gcc -c -g -O2  conftest.c >&5
configure:5949: $? = 0
configure:5953: /usr/bin/nm -B conftest.o \| sed -n -e 's/^.*[ ]\([BCDEGRST][BCDEGRST]*\)[ ][ ]*\([_A-Za-z][_A-Za-z0-9]*\)$/\1 \2 \2/p' | sed '/ __gnu_lto/d' \> conftest.nm
configure:5956: $? = 0
cannot find nm_test_var in conftest.nm
configure:5946: gcc -c -g -O2  conftest.c >&5
configure:5949: $? = 0
configure:5953: /usr/bin/nm -B conftest.o \| sed -n -e 's/^.*[ ]\([BCDEGRST][BCDEGRST]*\)[ ][ ]*_\([_A-Za-z][_A-Za-z0-9]*\)$/\1 _\2 \2/p' | sed '/ __gnu_lto/d' \> conftest.nm
configure:5956: $? = 0
configure:6022: gcc -o conftest -g -O2   conftest.c conftstm.o >&5
warning: (x86_64)  could not find object file symbol for symbol _main
configure:6025: $? = 0
configure:6063: result: ok
configure:6100: checking for sysroot
configure:6130: result: no
configure:6386: checking for mt
configure:6416: result: no
configure:6436: checking if : is a manifest tool
configure:6442: : '-?'
configure:6450: result: no
configure:6506: checking for dsymutil
configure:6522: found /usr/local/opt/llvm/bin/dsymutil
configure:6533: result: dsymutil
configure:6598: checking for nmedit
configure:6614: found /usr/bin/nmedit
configure:6625: result: nmedit
configure:6690: checking for lipo
configure:6706: found /usr/bin/lipo
configure:6717: result: lipo
configure:6782: checking for otool
configure:6798: found /usr/bin/otool
configure:6809: result: otool
configure:6874: checking for otool64
configure:6904: result: no
configure:6949: checking for -single_module linker flag
gcc -g -O2  -o libconftest.dylib -dynamiclib -Wl,-single_module conftest.c
configure:6982: result: yes
configure:6985: checking for -exported_symbols_list linker flag
configure:7005: gcc -o conftest -g -O2   -Wl,-exported_symbols_list,conftest.sym conftest.c  >&5
configure:7005: $? = 0
configure:7015: result: yes
configure:7018: checking for -force_load linker flag
gcc -g -O2 -c -o conftest.o conftest.c
ar cru libconftest.a conftest.o
ranlib libconftest.a
gcc -g -O2  -o conftest conftest.c -Wl,-force_load,./libconftest.a
configure:7050: result: yes
configure:7092: checking how to run the C preprocessor
configure:7123: gcc -E  conftest.c
configure:7123: $? = 0
configure:7137: gcc -E  conftest.c
conftest.c:11:10: fatal error: 'ac_nonexistent.h' file not found
#include <ac_nonexistent.h>
         ^~~~~~~~~~~~~~~~~~
1 error generated.
configure:7137: $? = 1
configure: failed program was:
| /* confdefs.h */
| #define PACKAGE_NAME "ntl-libtool"
| #define PACKAGE_TARNAME "ntl-libtool"
| #define PACKAGE_VERSION "1.0"
| #define PACKAGE_STRING "ntl-libtool 1.0"
| #define PACKAGE_BUGREPORT ""
| #define PACKAGE_URL ""
| #define PACKAGE "ntl-libtool"
| #define VERSION "1.0"
| /* end confdefs.h.  */
| #include <ac_nonexistent.h>
configure:7162: result: gcc -E
configure:7182: gcc -E  conftest.c
configure:7182: $? = 0
configure:7196: gcc -E  conftest.c
conftest.c:11:10: fatal error: 'ac_nonexistent.h' file not found
#include <ac_nonexistent.h>
         ^~~~~~~~~~~~~~~~~~
1 error generated.
configure:7196: $? = 1
configure: failed program was:
| /* confdefs.h */
| #define PACKAGE_NAME "ntl-libtool"
| #define PACKAGE_TARNAME "ntl-libtool"
| #define PACKAGE_VERSION "1.0"
| #define PACKAGE_STRING "ntl-libtool 1.0"
| #define PACKAGE_BUGREPORT ""
| #define PACKAGE_URL ""
| #define PACKAGE "ntl-libtool"
| #define VERSION "1.0"
| /* end confdefs.h.  */
| #include <ac_nonexistent.h>
configure:7225: checking for ANSI C header files
configure:7245: gcc -c -g -O2  conftest.c >&5
configure:7245: $? = 0
configure:7318: gcc -o conftest -g -O2   conftest.c  >&5
configure:7318: $? = 0
configure:7318: ./conftest
configure:7318: $? = 0
configure:7329: result: yes
configure:7342: checking for sys/types.h
configure:7342: gcc -c -g -O2  conftest.c >&5
configure:7342: $? = 0
configure:7342: result: yes
configure:7342: checking for sys/stat.h
configure:7342: gcc -c -g -O2  conftest.c >&5
configure:7342: $? = 0
configure:7342: result: yes
configure:7342: checking for stdlib.h
configure:7342: gcc -c -g -O2  conftest.c >&5
configure:7342: $? = 0
configure:7342: result: yes
configure:7342: checking for string.h
configure:7342: gcc -c -g -O2  conftest.c >&5
configure:7342: $? = 0
configure:7342: result: yes
configure:7342: checking for memory.h
configure:7342: gcc -c -g -O2  conftest.c >&5
configure:7342: $? = 0
configure:7342: result: yes
configure:7342: checking for strings.h
configure:7342: gcc -c -g -O2  conftest.c >&5
configure:7342: $? = 0
configure:7342: result: yes
configure:7342: checking for inttypes.h
configure:7342: gcc -c -g -O2  conftest.c >&5
configure:7342: $? = 0
configure:7342: result: yes
configure:7342: checking for stdint.h
configure:7342: gcc -c -g -O2  conftest.c >&5
configure:7342: $? = 0
configure:7342: result: yes
configure:7342: checking for unistd.h
configure:7342: gcc -c -g -O2  conftest.c >&5
configure:7342: $? = 0
configure:7342: result: yes
configure:7356: checking for dlfcn.h
configure:7356: gcc -c -g -O2  conftest.c >&5
configure:7356: $? = 0
configure:7356: result: yes
configure:7562: checking for objdir
configure:7577: result: .libs
configure:7844: checking if gcc supports -fno-rtti -fno-exceptions
configure:7862: gcc -c -g -O2  -fno-rtti -fno-exceptions conftest.c >&5
configure:7866: $? = 0
configure:7879: result: yes
configure:8206: checking for gcc option to produce PIC
configure:8213: result: -fno-common -DPIC
configure:8221: checking if gcc PIC flag -fno-common -DPIC works
configure:8239: gcc -c -g -O2  -fno-common -DPIC -DPIC conftest.c >&5
configure:8243: $? = 0
configure:8256: result: yes
configure:8285: checking if gcc static flag -static works
configure:8313: result: no
configure:8328: checking if gcc supports -c -o file.o
configure:8349: gcc -c -g -O2  -o out/conftest2.o conftest.c >&5
configure:8353: $? = 0
configure:8375: result: yes
configure:8383: checking if gcc supports -c -o file.o
configure:8430: result: yes
configure:8463: checking whether the gcc linker (/Applications/Xcode.app/Contents/Developer/Toolchains/XcodeDefault.xctoolchain/usr/bin/ld) supports shared libraries
configure:9616: result: yes
configure:9856: checking dynamic linker characteristics
configure:10593: result: darwin18.5.0 dyld
configure:10700: checking how to hardcode library paths into programs
configure:10725: result: immediate
configure:11265: checking whether stripping libraries is possible
configure:11279: result: yes
configure:11305: checking if libtool supports shared libraries
configure:11307: result: yes
configure:11310: checking whether to build shared libraries
configure:11331: result: yes
configure:11334: checking whether to build static libraries
configure:11338: result: yes
configure:11433: checking for g++
configure:11449: found /usr/bin/g++
configure:11460: result: g++
configure:11487: checking for C++ compiler version
configure:11496: g++ --version >&5
Apple LLVM version 10.0.1 (clang-1001.0.46.4)
Target: x86_64-apple-darwin18.5.0
Thread model: posix
InstalledDir: /Applications/Xcode.app/Contents/Developer/Toolchains/XcodeDefault.xctoolchain/usr/bin
Configured with: --prefix=/Applications/Xcode.app/Contents/Developer/usr --with-gxx-include-dir=/Applications/Xcode.app/Contents/Developer/Platforms/MacOSX.platform/Developer/SDKs/MacOSX10.14.sdk/usr/include/c++/4.2.1
configure:11507: $? = 0
configure:11496: g++ -v >&5
Configured with: --prefix=/Applications/Xcode.app/Contents/Developer/usr --with-gxx-include-dir=/Applications/Xcode.app/Contents/Developer/Platforms/MacOSX.platform/Developer/SDKs/MacOSX10.14.sdk/usr/include/c++/4.2.1
Apple LLVM version 10.0.1 (clang-1001.0.46.4)
Target: x86_64-apple-darwin18.5.0
Thread model: posix
InstalledDir: /Applications/Xcode.app/Contents/Developer/Toolchains/XcodeDefault.xctoolchain/usr/bin
configure:11507: $? = 0
configure:11496: g++ -V >&5
clang: error: unsupported option '-V -Wno-atomic-implicit-seq-cst'
clang: error: no input files
configure:11507: $? = 1
configure:11496: g++ -qversion >&5
clang: error: unknown argument '-qversion', did you mean '--version'?
clang: error: no input files
configure:11507: $? = 1
configure:11511: checking whether we are using the GNU C++ compiler
configure:11530: g++ -c   conftest.cpp >&5
configure:11530: $? = 0
configure:11539: result: yes
configure:11548: checking whether g++ accepts -g
configure:11568: g++ -c -g  conftest.cpp >&5
configure:11568: $? = 0
configure:11609: result: yes
configure:11634: checking dependency style of g++
configure:11745: result: none
configure:11778: checking how to run the C++ preprocessor
configure:11805: g++ -E  conftest.cpp
configure:11805: $? = 0
configure:11819: g++ -E  conftest.cpp
conftest.cpp:23:10: fatal error: 'ac_nonexistent.h' file not found
#include <ac_nonexistent.h>
         ^~~~~~~~~~~~~~~~~~
1 error generated.
configure:11819: $? = 1
configure: failed program was:
| /* confdefs.h */
| #define PACKAGE_NAME "ntl-libtool"
| #define PACKAGE_TARNAME "ntl-libtool"
| #define PACKAGE_VERSION "1.0"
| #define PACKAGE_STRING "ntl-libtool 1.0"
| #define PACKAGE_BUGREPORT ""
| #define PACKAGE_URL ""
| #define PACKAGE "ntl-libtool"
| #define VERSION "1.0"
| #define STDC_HEADERS 1
| #define HAVE_SYS_TYPES_H 1
| #define HAVE_SYS_STAT_H 1
| #define HAVE_STDLIB_H 1
| #define HAVE_STRING_H 1
| #define HAVE_MEMORY_H 1
| #define HAVE_STRINGS_H 1
| #define HAVE_INTTYPES_H 1
| #define HAVE_STDINT_H 1
| #define HAVE_UNISTD_H 1
| #define HAVE_DLFCN_H 1
| #define LT_OBJDIR ".libs/"
| /* end confdefs.h.  */
| #include <ac_nonexistent.h>
configure:11844: result: g++ -E
configure:11864: g++ -E  conftest.cpp
configure:11864: $? = 0
configure:11878: g++ -E  conftest.cpp
conftest.cpp:23:10: fatal error: 'ac_nonexistent.h' file not found
#include <ac_nonexistent.h>
         ^~~~~~~~~~~~~~~~~~
1 error generated.
configure:11878: $? = 1
configure: failed program was:
| /* confdefs.h */
| #define PACKAGE_NAME "ntl-libtool"
| #define PACKAGE_TARNAME "ntl-libtool"
| #define PACKAGE_VERSION "1.0"
| #define PACKAGE_STRING "ntl-libtool 1.0"
| #define PACKAGE_BUGREPORT ""
| #define PACKAGE_URL ""
| #define PACKAGE "ntl-libtool"
| #define VERSION "1.0"
| #define STDC_HEADERS 1
| #define HAVE_SYS_TYPES_H 1
| #define HAVE_SYS_STAT_H 1
| #define HAVE_STDLIB_H 1
| #define HAVE_STRING_H 1
| #define HAVE_MEMORY_H 1
| #define HAVE_STRINGS_H 1
| #define HAVE_INTTYPES_H 1
| #define HAVE_STDINT_H 1
| #define HAVE_UNISTD_H 1
| #define HAVE_DLFCN_H 1
| #define LT_OBJDIR ".libs/"
| /* end confdefs.h.  */
| #include <ac_nonexistent.h>
configure:12047: checking for ld used by g++
configure:12114: result: /Applications/Xcode.app/Contents/Developer/Toolchains/XcodeDefault.xctoolchain/usr/bin/ld
configure:12121: checking if the linker (/Applications/Xcode.app/Contents/Developer/Toolchains/XcodeDefault.xctoolchain/usr/bin/ld) is GNU ld
configure:12136: result: no
configure:12191: checking whether the g++ linker (/Applications/Xcode.app/Contents/Developer/Toolchains/XcodeDefault.xctoolchain/usr/bin/ld) supports shared libraries
configure:13196: result: yes
configure:13232: g++ -c -g -O2  conftest.cpp >&5
configure:13235: $? = 0
configure:13755: checking for g++ option to produce PIC
configure:13762: result: -fno-common -DPIC
configure:13770: checking if g++ PIC flag -fno-common -DPIC works
configure:13788: g++ -c -g -O2  -fno-common -DPIC -DPIC conftest.cpp >&5
configure:13792: $? = 0
configure:13805: result: yes
configure:13828: checking if g++ static flag -static works
configure:13856: result: no
configure:13868: checking if g++ supports -c -o file.o
configure:13889: g++ -c -g -O2  -o out/conftest2.o conftest.cpp >&5
configure:13893: $? = 0
configure:13915: result: yes
configure:13920: checking if g++ supports -c -o file.o
configure:13967: result: yes
configure:13997: checking whether the g++ linker (/Applications/Xcode.app/Contents/Developer/Toolchains/XcodeDefault.xctoolchain/usr/bin/ld) supports shared libraries
configure:14033: result: yes
configure:14174: checking dynamic linker characteristics
configure:14845: result: darwin18.5.0 dyld
configure:14898: checking how to hardcode library paths into programs
configure:14923: result: immediate
configure:15011: checking for gcc
configure:15038: result: gcc
configure:15267: checking for C compiler version
configure:15276: gcc --version >&5
Apple LLVM version 10.0.1 (clang-1001.0.46.4)
Target: x86_64-apple-darwin18.5.0
Thread model: posix
InstalledDir: /Applications/Xcode.app/Contents/Developer/Toolchains/XcodeDefault.xctoolchain/usr/bin
Configured with: --prefix=/Applications/Xcode.app/Contents/Developer/usr --with-gxx-include-dir=/Applications/Xcode.app/Contents/Developer/Platforms/MacOSX.platform/Developer/SDKs/MacOSX10.14.sdk/usr/include/c++/4.2.1
configure:15287: $? = 0
configure:15276: gcc -v >&5
Configured with: --prefix=/Applications/Xcode.app/Contents/Developer/usr --with-gxx-include-dir=/Applications/Xcode.app/Contents/Developer/Platforms/MacOSX.platform/Developer/SDKs/MacOSX10.14.sdk/usr/include/c++/4.2.1
Apple LLVM version 10.0.1 (clang-1001.0.46.4)
Target: x86_64-apple-darwin18.5.0
Thread model: posix
InstalledDir: /Applications/Xcode.app/Contents/Developer/Toolchains/XcodeDefault.xctoolchain/usr/bin
configure:15287: $? = 0
configure:15276: gcc -V >&5
clang: error: unsupported option '-V -Wno-atomic-implicit-seq-cst'
clang: error: no input files
configure:15287: $? = 1
configure:15276: gcc -qversion >&5
clang: error: unknown argument '-qversion', did you mean '--version'?
clang: error: no input files
configure:15287: $? = 1
configure:15291: checking whether we are using the GNU C compiler
configure:15319: result: yes
configure:15328: checking whether gcc accepts -g
configure:15389: result: yes
configure:15406: checking for gcc option to accept ISO C89
configure:15482: result: none needed
configure:15504: checking dependency style of gcc
configure:15615: result: none
configure:15776: checking that generated files are newer than configure
configure:15782: result: done
configure:15813: creating ./config.status

## ---------------------- ##
## Running config.status. ##
## ---------------------- ##

This file was extended by ntl-libtool config.status 1.0, which was
generated by GNU Autoconf 2.69.  Invocation command line was

  CONFIG_FILES    = 
  CONFIG_HEADERS  = 
  CONFIG_LINKS    = 
  CONFIG_COMMANDS = 
  $ ./config.status 

on mb-afischer.local

config.status:1062: creating Makefile
config.status:1234: executing depfiles commands
config.status:1234: executing libtool commands

## ---------------- ##
## Cache variables. ##
## ---------------- ##

ac_cv_build=x86_64-apple-darwin18.5.0
ac_cv_c_compiler_gnu=yes
ac_cv_cxx_compiler_gnu=yes
ac_cv_env_CCC_set=
ac_cv_env_CCC_value=
ac_cv_env_CC_set=
ac_cv_env_CC_value=
ac_cv_env_CFLAGS_set=
ac_cv_env_CFLAGS_value=
ac_cv_env_CPPFLAGS_set=
ac_cv_env_CPPFLAGS_value=
ac_cv_env_CPP_set=
ac_cv_env_CPP_value=
ac_cv_env_CXXCPP_set=
ac_cv_env_CXXCPP_value=
ac_cv_env_CXXFLAGS_set=
ac_cv_env_CXXFLAGS_value=
ac_cv_env_CXX_set=
ac_cv_env_CXX_value=
ac_cv_env_LDFLAGS_set=
ac_cv_env_LDFLAGS_value=
ac_cv_env_LIBS_set=
ac_cv_env_LIBS_value=
ac_cv_env_build_alias_set=
ac_cv_env_build_alias_value=
ac_cv_env_host_alias_set=
ac_cv_env_host_alias_value=
ac_cv_env_target_alias_set=
ac_cv_env_target_alias_value=
ac_cv_header_dlfcn_h=yes
ac_cv_header_inttypes_h=yes
ac_cv_header_memory_h=yes
ac_cv_header_stdc=yes
ac_cv_header_stdint_h=yes
ac_cv_header_stdlib_h=yes
ac_cv_header_string_h=yes
ac_cv_header_strings_h=yes
ac_cv_header_sys_stat_h=yes
ac_cv_header_sys_types_h=yes
ac_cv_header_unistd_h=yes
ac_cv_host=x86_64-apple-darwin18.5.0
ac_cv_objext=o
ac_cv_path_EGREP='/usr/bin/grep -E'
ac_cv_path_FGREP='/usr/bin/grep -F'
ac_cv_path_GREP=/usr/bin/grep
ac_cv_path_SED=/usr/bin/sed
ac_cv_path_install='/usr/local/bin/ginstall -c'
ac_cv_path_mkdir=/usr/local/bin/gmkdir
ac_cv_prog_AWK=awk
ac_cv_prog_CPP='gcc -E'
ac_cv_prog_CXXCPP='g++ -E'
ac_cv_prog_ac_ct_AR=ar
ac_cv_prog_ac_ct_CC=gcc
ac_cv_prog_ac_ct_CXX=g++
ac_cv_prog_ac_ct_DSYMUTIL=dsymutil
ac_cv_prog_ac_ct_LIPO=lipo
ac_cv_prog_ac_ct_NMEDIT=nmedit
ac_cv_prog_ac_ct_OBJDUMP=objdump
ac_cv_prog_ac_ct_OTOOL=otool
ac_cv_prog_ac_ct_RANLIB=ranlib
ac_cv_prog_ac_ct_STRIP=strip
ac_cv_prog_cc_c89=
ac_cv_prog_cc_g=yes
ac_cv_prog_cxx_g=yes
ac_cv_prog_make_make_set=yes
am_cv_CC_dependencies_compiler_type=none
am_cv_CXX_dependencies_compiler_type=none
am_cv_make_support_nested_variables=yes
lt_cv_apple_cc_single_mod=yes
lt_cv_ar_at_file=no
lt_cv_deplibs_check_method=pass_all
lt_cv_file_magic_cmd='$MAGIC_CMD'
lt_cv_file_magic_test_file=
lt_cv_ld_exported_symbols_list=yes
lt_cv_ld_force_load=yes
lt_cv_ld_reload_flag=-r
lt_cv_nm_interface='BSD nm'
lt_cv_objdir=.libs
lt_cv_path_LD=/Applications/Xcode.app/Contents/Developer/Toolchains/XcodeDefault.xctoolchain/usr/bin/ld
lt_cv_path_LDCXX=/Applications/Xcode.app/Contents/Developer/Toolchains/XcodeDefault.xctoolchain/usr/bin/ld
lt_cv_path_NM='/usr/bin/nm -B'
lt_cv_path_mainfest_tool=no
lt_cv_prog_compiler_c_o=yes
lt_cv_prog_compiler_c_o_CXX=yes
lt_cv_prog_compiler_pic='-fno-common -DPIC'
lt_cv_prog_compiler_pic_CXX='-fno-common -DPIC'
lt_cv_prog_compiler_pic_works=yes
lt_cv_prog_compiler_pic_works_CXX=yes
lt_cv_prog_compiler_rtti_exceptions=yes
lt_cv_prog_compiler_static_works=no
lt_cv_prog_compiler_static_works_CXX=no
lt_cv_prog_gnu_ld=no
lt_cv_prog_gnu_ldcxx=no
lt_cv_sharedlib_from_linklib_cmd='printf %s\n'
lt_cv_sys_global_symbol_pipe='sed -n -e '\''s/^.*[	 ]\([BCDEGRST][BCDEGRST]*\)[	 ][	 ]*_\([_A-Za-z][_A-Za-z0-9]*\)$/\1 _\2 \2/p'\'' | sed '\''/ __gnu_lto/d'\'''
lt_cv_sys_global_symbol_to_c_name_address='sed -n -e '\''s/^: \([^ ]*\)[ ]*$/  {\"\1\", (void *) 0},/p'\'' -e '\''s/^[BCDEGRST]* \([^ ]*\) \([^ ]*\)$/  {"\2", (void *) \&\2},/p'\'''
lt_cv_sys_global_symbol_to_c_name_address_lib_prefix='sed -n -e '\''s/^: \([^ ]*\)[ ]*$/  {\"\1\", (void *) 0},/p'\'' -e '\''s/^[BCDEGRST]* \([^ ]*\) \(lib[^ ]*\)$/  {"\2", (void *) \&\2},/p'\'' -e '\''s/^[BCDEGRST]* \([^ ]*\) \([^ ]*\)$/  {"lib\2", (void *) \&\2},/p'\'''
lt_cv_sys_global_symbol_to_cdecl='sed -n -e '\''s/^T .* \(.*\)$/extern int \1();/p'\'' -e '\''s/^[BCDEGRST]* .* \(.*\)$/extern char \1;/p'\'''
lt_cv_sys_max_cmd_len=196608
lt_cv_to_host_file_cmd=func_convert_file_noop
lt_cv_to_tool_file_cmd=func_convert_file_noop

## ----------------- ##
## Output variables. ##
## ----------------- ##

ACLOCAL='${SHELL} /Users/afischer/workspace/letsdev-git/ld/3rdparty/ntl-android/src/libtool-build/missing aclocal-1.13'
AMDEPBACKSLASH='\'
AMDEP_FALSE='#'
AMDEP_TRUE=''
AMTAR='$${TAR-tar}'
AM_BACKSLASH='\'
AM_DEFAULT_V='$(AM_DEFAULT_VERBOSITY)'
AM_DEFAULT_VERBOSITY='1'
AM_V='$(V)'
AR='ar'
AUTOCONF='${SHELL} /Users/afischer/workspace/letsdev-git/ld/3rdparty/ntl-android/src/libtool-build/missing autoconf'
AUTOHEADER='${SHELL} /Users/afischer/workspace/letsdev-git/ld/3rdparty/ntl-android/src/libtool-build/missing autoheader'
AUTOMAKE='${SHELL} /Users/afischer/workspace/letsdev-git/ld/3rdparty/ntl-android/src/libtool-build/missing automake-1.13'
AWK='awk'
CC='gcc'
CCDEPMODE='depmode=none'
CFLAGS='-g -O2'
CPP='gcc -E'
CPPFLAGS=''
CXX='g++'
CXXCPP='g++ -E'
CXXDEPMODE='depmode=none'
CXXFLAGS='-g -O2'
CYGPATH_W='echo'
DEFS='-DPACKAGE_NAME=\"ntl-libtool\" -DPACKAGE_TARNAME=\"ntl-libtool\" -DPACKAGE_VERSION=\"1.0\" -DPACKAGE_STRING=\"ntl-libtool\ 1.0\" -DPACKAGE_BUGREPORT=\"\" -DPACKAGE_URL=\"\" -DPACKAGE=\"ntl-libtool\" -DVERSION=\"1.0\" -DSTDC_HEADERS=1 -DHAVE_SYS_TYPES_H=1 -DHAVE_SYS_STAT_H=1 -DHAVE_STDLIB_H=1 -DHAVE_STRING_H=1 -DHAVE_MEMORY_H=1 -DHAVE_STRINGS_H=1 -DHAVE_INTTYPES_H=1 -DHAVE_STDINT_H=1 -DHAVE_UNISTD_H=1 -DHAVE_DLFCN_H=1 -DLT_OBJDIR=\".libs/\"'
DEPDIR='.deps'
DLLTOOL='false'
DSYMUTIL='dsymutil'
DUMPBIN=''
ECHO_C='\c'
ECHO_N=''
ECHO_T=''
EGREP='/usr/bin/grep -E'
EXEEXT=''
FGREP='/usr/bin/grep -F'
GREP='/usr/bin/grep'
INSTALL_DATA='${INSTALL} -m 644'
INSTALL_PROGRAM='${INSTALL}'
INSTALL_SCRIPT='${INSTALL}'
INSTALL_STRIP_PROGRAM='$(install_sh) -c -s'
LD='/Applications/Xcode.app/Contents/Developer/Toolchains/XcodeDefault.xctoolchain/usr/bin/ld'
LDFLAGS=''
LIBOBJS=''
LIBS=''
LIBTOOL='$(SHELL) $(top_builddir)/libtool'
LIPO='lipo'
LN_S='ln -s'
LTLIBOBJS=''
MAKEINFO='${SHELL} /Users/afischer/workspace/letsdev-git/ld/3rdparty/ntl-android/src/libtool-build/missing makeinfo'
MANIFEST_TOOL=':'
MKDIR_P='/usr/local/bin/gmkdir -p'
NM='/usr/bin/nm -B'
NMEDIT='nmedit'
OBJDUMP='objdump'
OBJEXT='o'
OTOOL64=':'
OTOOL='otool'
PACKAGE='ntl-libtool'
PACKAGE_BUGREPORT=''
PACKAGE_NAME='ntl-libtool'
PACKAGE_STRING='ntl-libtool 1.0'
PACKAGE_TARNAME='ntl-libtool'
PACKAGE_URL=''
PACKAGE_VERSION='1.0'
PATH_SEPARATOR=':'
RANLIB='ranlib'
SED='/usr/bin/sed'
SET_MAKE=''
SHELL='/bin/sh'
STRIP='strip'
VERSION='1.0'
ac_ct_AR='ar'
ac_ct_CC='gcc'
ac_ct_CXX='g++'
ac_ct_DUMPBIN=''
am__EXEEXT_FALSE=''
am__EXEEXT_TRUE='#'
am__fastdepCC_FALSE=''
am__fastdepCC_TRUE='#'
am__fastdepCXX_FALSE=''
am__fastdepCXX_TRUE='#'
am__include='include'
am__isrc=''
am__leading_dot='.'
am__nodep='_no'
am__quote=''
am__tar='$${TAR-tar} chof - "$$tardir"'
am__untar='$${TAR-tar} xf -'
bindir='${exec_prefix}/bin'
build='x86_64-apple-darwin18.5.0'
build_alias=''
build_cpu='x86_64'
build_os='darwin18.5.0'
build_vendor='apple'
datadir='${datarootdir}'
datarootdir='${prefix}/share'
docdir='${datarootdir}/doc/${PACKAGE_TARNAME}'
dvidir='${docdir}'
exec_prefix='${prefix}'
host='x86_64-apple-darwin18.5.0'
host_alias=''
host_cpu='x86_64'
host_os='darwin18.5.0'
host_vendor='apple'
htmldir='${docdir}'
includedir='${prefix}/include'
infodir='${datarootdir}/info'
install_sh='${SHELL} /Users/afischer/workspace/letsdev-git/ld/3rdparty/ntl-android/src/libtool-build/install-sh'
libdir='${exec_prefix}/lib'
libexecdir='${exec_prefix}/libexec'
localedir='${datarootdir}/locale'
localstatedir='${prefix}/var'
mandir='${datarootdir}/man'
mkdir_p='$(MKDIR_P)'
oldincludedir='/usr/include'
pdfdir='${docdir}'
prefix='/usr/local'
program_transform_name='s,x,x,'
psdir='${docdir}'
sbindir='${exec_prefix}/sbin'
sharedstatedir='${prefix}/com'
sysconfdir='${prefix}/etc'
target_alias=''

## ----------- ##
## confdefs.h. ##
## ----------- ##

/* confdefs.h */
#define PACKAGE_NAME "ntl-libtool"
#define PACKAGE_TARNAME "ntl-libtool"
#define PACKAGE_VERSION "1.0"
#define PACKAGE_STRING "ntl-libtool 1.0"
#define PACKAGE_BUGREPORT ""
#define PACKAGE_URL ""
#define PACKAGE "ntl-libtool"
#define VERSION "1.0"
#define STDC_HEADERS 1
#define HAVE_SYS_TYPES_H 1
#define HAVE_SYS_STAT_H 1
#define HAVE_STDLIB_H 1
#define HAVE_STRING_H 1
#define HAVE_MEMORY_H 1
#define HAVE_STRINGS_H 1
#define HAVE_INTTYPES_H 1
#define HAVE_STDINT_H 1
#define HAVE_UNISTD_H 1
#define HAVE_DLFCN_H 1
#define LT_OBJDIR ".libs/"

configure: exit 0
